<testsuites id="" name="" tests="5" failures="5" skipped="0" errors="0" time="6.735125999999999">
<testsuite name="basic.spec.ts" timestamp="2025-08-13T06:07:08.843Z" hostname="chromium" tests="1" failures="1" skipped="0" time="3.359" errors="0">
<testcase name="Basic E2E Tests › homepage loads successfully" classname="basic.spec.ts" time="3.359">
<failure message="basic.spec.ts:4:3 homepage loads successfully" type="FAILURE">
<![CDATA[  [chromium] › basic.spec.ts:4:3 › Basic E2E Tests › homepage loads successfully ───────────────────

    Error: expect.toContainText: Error: strict mode violation: locator('h1') resolved to 4 elements:
        1) <h1 data-astro-cid-j7pv25f6="" class="font-serif font-bold leading-[0.95] tracking-wide animate-fade-in">…</h1> aka getByRole('heading', { name: 'Discover Europe\'s Last Wild' })
        2) <h1>Audit</h1> aka locator('#header-left').getByText('Audit')
        3) <h1>No accessibility or performance issues detected.</h1> aka getByText('No accessibility or')
        4) <h1>…</h1> aka locator('h1').filter({ hasText: 'Settings' })

    Call log:
      - Expect "toContainText" with timeout 5000ms
      - waiting for locator('h1')
        3 × locator resolved to <h1 data-astro-cid-j7pv25f6="" data-astro-source-loc="52:89" class="font-serif font-bold leading-[0.95] tracking-wide animate-fade-in" data-astro-source-file="/Users/mbp-ez/Desktop/AI Library/Apps/AV Tours EZ/src/pages/index.astro">…</h1>
          - unexpected value " 
    Discover Europe's
     
    Last Wild Frontier
     "


       5 |     await page.goto('/')
       6 |     await expect(page).toHaveTitle(/AlbaniaVisit/)
    >  7 |     await expect(page.locator('h1')).toContainText('Elevate')
         |                                      ^
       8 |   })
       9 |
      10 |   test('tours page loads successfully', async ({ page }) => {
        at /Users/mbp-ez/Desktop/AI Library/Apps/AV Tours EZ/tests/e2e/basic.spec.ts:7:38

    attachment #1: screenshot (image/png) ──────────────────────────────────────────────────────────
    ../../test-results/basic-Basic-E2E-Tests-homepage-loads-successfully-chromium/test-failed-1.png
    ────────────────────────────────────────────────────────────────────────────────────────────────

    attachment #2: video (video/webm) ──────────────────────────────────────────────────────────────
    ../../test-results/basic-Basic-E2E-Tests-homepage-loads-successfully-chromium/video.webm
    ────────────────────────────────────────────────────────────────────────────────────────────────

    Error Context: ../../test-results/basic-Basic-E2E-Tests-homepage-loads-successfully-chromium/error-context.md
]]>
</failure>
<system-out>
<![CDATA[
[[ATTACHMENT|basic-Basic-E2E-Tests-homepage-loads-successfully-chromium/test-failed-1.png]]

[[ATTACHMENT|basic-Basic-E2E-Tests-homepage-loads-successfully-chromium/video.webm]]

[[ATTACHMENT|basic-Basic-E2E-Tests-homepage-loads-successfully-chromium/error-context.md]]
]]>
</system-out>
</testcase>
</testsuite>
<testsuite name="basic.spec.ts" timestamp="2025-08-13T06:07:08.843Z" hostname="firefox" tests="1" failures="1" skipped="0" time="0.001" errors="0">
<testcase name="Basic E2E Tests › homepage loads successfully" classname="basic.spec.ts" time="0.001">
<failure message="basic.spec.ts:4:3 homepage loads successfully" type="FAILURE">
<![CDATA[  [firefox] › basic.spec.ts:4:3 › Basic E2E Tests › homepage loads successfully ────────────────────

    Error: browserType.launch: Executable doesn't exist at /Users/mbp-ez/Library/Caches/ms-playwright/firefox-1489/firefox/Nightly.app/Contents/MacOS/firefox
    ╔═════════════════════════════════════════════════════════════════════════╗
    ║ Looks like Playwright Test or Playwright was just installed or updated. ║
    ║ Please run the following command to download new browsers:              ║
    ║                                                                         ║
    ║     pnpm exec playwright install                                        ║
    ║                                                                         ║
    ║ <3 Playwright Team                                                      ║
    ╚═════════════════════════════════════════════════════════════════════════╝
]]>
</failure>
</testcase>
</testsuite>
<testsuite name="basic.spec.ts" timestamp="2025-08-13T06:07:08.843Z" hostname="webkit" tests="1" failures="1" skipped="0" time="5.142" errors="0">
<testcase name="Basic E2E Tests › homepage loads successfully" classname="basic.spec.ts" time="5.142">
<failure message="basic.spec.ts:4:3 homepage loads successfully" type="FAILURE">
<![CDATA[  [webkit] › basic.spec.ts:4:3 › Basic E2E Tests › homepage loads successfully ─────────────────────

    Error: expect.toContainText: Error: strict mode violation: locator('h1') resolved to 4 elements:
        1) <h1 data-astro-cid-j7pv25f6="" class="font-serif font-bold leading-[0.95] tracking-wide animate-fade-in">…</h1> aka getByRole('heading', { name: 'Discover Europe\'s Last Wild' })
        2) <h1>Audit</h1> aka locator('#header-left').getByText('Audit')
        3) <h1>No accessibility or performance issues detected.</h1> aka getByText('No accessibility or')
        4) <h1>…</h1> aka locator('h1').filter({ hasText: 'Settings' })

    Call log:
      - Expect "toContainText" with timeout 5000ms
      - waiting for locator('h1')


       5 |     await page.goto('/')
       6 |     await expect(page).toHaveTitle(/AlbaniaVisit/)
    >  7 |     await expect(page.locator('h1')).toContainText('Elevate')
         |                                      ^
       8 |   })
       9 |
      10 |   test('tours page loads successfully', async ({ page }) => {
        at /Users/mbp-ez/Desktop/AI Library/Apps/AV Tours EZ/tests/e2e/basic.spec.ts:7:38

    attachment #1: screenshot (image/png) ──────────────────────────────────────────────────────────
    ../../test-results/basic-Basic-E2E-Tests-homepage-loads-successfully-webkit/test-failed-1.png
    ────────────────────────────────────────────────────────────────────────────────────────────────

    attachment #2: video (video/webm) ──────────────────────────────────────────────────────────────
    ../../test-results/basic-Basic-E2E-Tests-homepage-loads-successfully-webkit/video.webm
    ────────────────────────────────────────────────────────────────────────────────────────────────

    Error Context: ../../test-results/basic-Basic-E2E-Tests-homepage-loads-successfully-webkit/error-context.md
]]>
</failure>
<system-out>
<![CDATA[
[[ATTACHMENT|basic-Basic-E2E-Tests-homepage-loads-successfully-webkit/test-failed-1.png]]

[[ATTACHMENT|basic-Basic-E2E-Tests-homepage-loads-successfully-webkit/video.webm]]

[[ATTACHMENT|basic-Basic-E2E-Tests-homepage-loads-successfully-webkit/error-context.md]]
]]>
</system-out>
</testcase>
</testsuite>
<testsuite name="basic.spec.ts" timestamp="2025-08-13T06:07:08.843Z" hostname="Mobile Chrome" tests="1" failures="1" skipped="0" time="4.174" errors="0">
<testcase name="Basic E2E Tests › homepage loads successfully" classname="basic.spec.ts" time="4.174">
<failure message="basic.spec.ts:4:3 homepage loads successfully" type="FAILURE">
<![CDATA[  [Mobile Chrome] › basic.spec.ts:4:3 › Basic E2E Tests › homepage loads successfully ──────────────

    Error: expect.toContainText: Error: strict mode violation: locator('h1') resolved to 4 elements:
        1) <h1 data-astro-cid-j7pv25f6="" class="font-serif font-bold leading-[0.95] tracking-wide animate-fade-in">…</h1> aka getByRole('heading', { name: 'Discover Europe\'s Last Wild' })
        2) <h1>Audit</h1> aka locator('#header-left').getByText('Audit')
        3) <h1>No accessibility or performance issues detected.</h1> aka getByText('No accessibility or')
        4) <h1>…</h1> aka locator('h1').filter({ hasText: 'Settings' })

    Call log:
      - Expect "toContainText" with timeout 5000ms
      - waiting for locator('h1')
        3 × locator resolved to <h1 data-astro-cid-j7pv25f6="" data-astro-source-loc="52:89" class="font-serif font-bold leading-[0.95] tracking-wide animate-fade-in" data-astro-source-file="/Users/mbp-ez/Desktop/AI Library/Apps/AV Tours EZ/src/pages/index.astro">…</h1>
          - unexpected value " 
    Discover Europe's
     
    Last Wild Frontier
     "


       5 |     await page.goto('/')
       6 |     await expect(page).toHaveTitle(/AlbaniaVisit/)
    >  7 |     await expect(page.locator('h1')).toContainText('Elevate')
         |                                      ^
       8 |   })
       9 |
      10 |   test('tours page loads successfully', async ({ page }) => {
        at /Users/mbp-ez/Desktop/AI Library/Apps/AV Tours EZ/tests/e2e/basic.spec.ts:7:38

    attachment #1: screenshot (image/png) ──────────────────────────────────────────────────────────
    ../../test-results/basic-Basic-E2E-Tests-homepage-loads-successfully-Mobile-Chrome/test-failed-1.png
    ────────────────────────────────────────────────────────────────────────────────────────────────

    attachment #2: video (video/webm) ──────────────────────────────────────────────────────────────
    ../../test-results/basic-Basic-E2E-Tests-homepage-loads-successfully-Mobile-Chrome/video.webm
    ────────────────────────────────────────────────────────────────────────────────────────────────

    Error Context: ../../test-results/basic-Basic-E2E-Tests-homepage-loads-successfully-Mobile-Chrome/error-context.md
]]>
</failure>
<system-out>
<![CDATA[
[[ATTACHMENT|basic-Basic-E2E-Tests-homepage-loads-successfully-Mobile-Chrome/test-failed-1.png]]

[[ATTACHMENT|basic-Basic-E2E-Tests-homepage-loads-successfully-Mobile-Chrome/video.webm]]

[[ATTACHMENT|basic-Basic-E2E-Tests-homepage-loads-successfully-Mobile-Chrome/error-context.md]]
]]>
</system-out>
</testcase>
</testsuite>
<testsuite name="basic.spec.ts" timestamp="2025-08-13T06:07:08.843Z" hostname="Mobile Safari" tests="1" failures="1" skipped="0" time="3.59" errors="0">
<testcase name="Basic E2E Tests › homepage loads successfully" classname="basic.spec.ts" time="3.59">
<failure message="basic.spec.ts:4:3 homepage loads successfully" type="FAILURE">
<![CDATA[  [Mobile Safari] › basic.spec.ts:4:3 › Basic E2E Tests › homepage loads successfully ──────────────

    Error: expect.toContainText: Error: strict mode violation: locator('h1') resolved to 4 elements:
        1) <h1 data-astro-cid-j7pv25f6="" class="font-serif font-bold leading-[0.95] tracking-wide animate-fade-in">…</h1> aka getByRole('heading', { name: 'Discover Europe\'s Last Wild' })
        2) <h1>Audit</h1> aka locator('#header-left').getByText('Audit')
        3) <h1>No accessibility or performance issues detected.</h1> aka getByText('No accessibility or')
        4) <h1>…</h1> aka locator('h1').filter({ hasText: 'Settings' })

    Call log:
      - Expect "toContainText" with timeout 5000ms
      - waiting for locator('h1')
        3 × locator resolved to <h1 data-astro-cid-j7pv25f6="" data-astro-source-loc="52:89" class="font-serif font-bold leading-[0.95] tracking-wide animate-fade-in" data-astro-source-file="/Users/mbp-ez/Desktop/AI Library/Apps/AV Tours EZ/src/pages/index.astro">…</h1>
          - unexpected value " 
    Discover Europe's
     
    Last Wild Frontier
     "


       5 |     await page.goto('/')
       6 |     await expect(page).toHaveTitle(/AlbaniaVisit/)
    >  7 |     await expect(page.locator('h1')).toContainText('Elevate')
         |                                      ^
       8 |   })
       9 |
      10 |   test('tours page loads successfully', async ({ page }) => {
        at /Users/mbp-ez/Desktop/AI Library/Apps/AV Tours EZ/tests/e2e/basic.spec.ts:7:38

    attachment #1: screenshot (image/png) ──────────────────────────────────────────────────────────
    ../../test-results/basic-Basic-E2E-Tests-homepage-loads-successfully-Mobile-Safari/test-failed-1.png
    ────────────────────────────────────────────────────────────────────────────────────────────────

    attachment #2: video (video/webm) ──────────────────────────────────────────────────────────────
    ../../test-results/basic-Basic-E2E-Tests-homepage-loads-successfully-Mobile-Safari/video.webm
    ────────────────────────────────────────────────────────────────────────────────────────────────

    Error Context: ../../test-results/basic-Basic-E2E-Tests-homepage-loads-successfully-Mobile-Safari/error-context.md
]]>
</failure>
<system-out>
<![CDATA[
[[ATTACHMENT|basic-Basic-E2E-Tests-homepage-loads-successfully-Mobile-Safari/test-failed-1.png]]

[[ATTACHMENT|basic-Basic-E2E-Tests-homepage-loads-successfully-Mobile-Safari/video.webm]]

[[ATTACHMENT|basic-Basic-E2E-Tests-homepage-loads-successfully-Mobile-Safari/error-context.md]]
]]>
</system-out>
</testcase>
</testsuite>
</testsuites>